-------------------------------------------------------------------------------
Test set: com.kpjunaid.controller.PostControllerIntegrationTest
-------------------------------------------------------------------------------
Tests run: 20, Failures: 0, Errors: 20, Skipped: 0, Time elapsed: 0.006 s <<< FAILURE! - in com.kpjunaid.controller.PostControllerIntegrationTest
getPostsByTag  Time elapsed: 0 s  <<< ERROR!
java.lang.NoClassDefFoundError: com/kpjunaid/shared/MockResourceRepo
	at com.kpjunaid.controller.PostControllerIntegrationTest.<init>(PostControllerIntegrationTest.java:79)
Caused by: java.lang.ClassNotFoundException: com.kpjunaid.shared.MockResourceRepo
	at com.kpjunaid.controller.PostControllerIntegrationTest.<init>(PostControllerIntegrationTest.java:79)

createPostComment  Time elapsed: 0 s  <<< ERROR!
java.lang.NoClassDefFoundError: com/kpjunaid/shared/MockResourceRepo
	at com.kpjunaid.controller.PostControllerIntegrationTest.<init>(PostControllerIntegrationTest.java:79)
Caused by: java.lang.ClassNotFoundException: com.kpjunaid.shared.MockResourceRepo
	at com.kpjunaid.controller.PostControllerIntegrationTest.<init>(PostControllerIntegrationTest.java:79)

getCommentLikeList  Time elapsed: 0 s  <<< ERROR!
java.lang.NoClassDefFoundError: com/kpjunaid/shared/MockResourceRepo
	at com.kpjunaid.controller.PostControllerIntegrationTest.<init>(PostControllerIntegrationTest.java:79)
Caused by: java.lang.ClassNotFoundException: com.kpjunaid.shared.MockResourceRepo
	at com.kpjunaid.controller.PostControllerIntegrationTest.<init>(PostControllerIntegrationTest.java:79)

unlikePost  Time elapsed: 0 s  <<< ERROR!
java.lang.NoClassDefFoundError: com/kpjunaid/shared/MockResourceRepo
	at com.kpjunaid.controller.PostControllerIntegrationTest.<init>(PostControllerIntegrationTest.java:79)
Caused by: java.lang.ClassNotFoundException: com.kpjunaid.shared.MockResourceRepo
	at com.kpjunaid.controller.PostControllerIntegrationTest.<init>(PostControllerIntegrationTest.java:79)

deletePostPhoto  Time elapsed: 0 s  <<< ERROR!
java.lang.NoClassDefFoundError: com/kpjunaid/shared/MockResourceRepo
	at com.kpjunaid.controller.PostControllerIntegrationTest.<init>(PostControllerIntegrationTest.java:79)
Caused by: java.lang.ClassNotFoundException: com.kpjunaid.shared.MockResourceRepo
	at com.kpjunaid.controller.PostControllerIntegrationTest.<init>(PostControllerIntegrationTest.java:79)

deletePostShare  Time elapsed: 0 s  <<< ERROR!
java.lang.NoClassDefFoundError: com/kpjunaid/shared/MockResourceRepo
	at com.kpjunaid.controller.PostControllerIntegrationTest.<init>(PostControllerIntegrationTest.java:79)
Caused by: java.lang.ClassNotFoundException: com.kpjunaid.shared.MockResourceRepo
	at com.kpjunaid.controller.PostControllerIntegrationTest.<init>(PostControllerIntegrationTest.java:79)

getPostById  Time elapsed: 0 s  <<< ERROR!
java.lang.NoClassDefFoundError: com/kpjunaid/shared/MockResourceRepo
	at com.kpjunaid.controller.PostControllerIntegrationTest.<init>(PostControllerIntegrationTest.java:79)
Caused by: java.lang.ClassNotFoundException: com.kpjunaid.shared.MockResourceRepo
	at com.kpjunaid.controller.PostControllerIntegrationTest.<init>(PostControllerIntegrationTest.java:79)

updatePostShare  Time elapsed: 0 s  <<< ERROR!
java.lang.NoClassDefFoundError: com/kpjunaid/shared/MockResourceRepo
	at com.kpjunaid.controller.PostControllerIntegrationTest.<init>(PostControllerIntegrationTest.java:79)
Caused by: java.lang.ClassNotFoundException: com.kpjunaid.shared.MockResourceRepo
	at com.kpjunaid.controller.PostControllerIntegrationTest.<init>(PostControllerIntegrationTest.java:79)

unlikePostComment  Time elapsed: 0 s  <<< ERROR!
java.lang.NoClassDefFoundError: com/kpjunaid/shared/MockResourceRepo
	at com.kpjunaid.controller.PostControllerIntegrationTest.<init>(PostControllerIntegrationTest.java:79)
Caused by: java.lang.ClassNotFoundException: com.kpjunaid.shared.MockResourceRepo
	at com.kpjunaid.controller.PostControllerIntegrationTest.<init>(PostControllerIntegrationTest.java:79)

updatePost  Time elapsed: 0 s  <<< ERROR!
java.lang.NoClassDefFoundError: com/kpjunaid/shared/MockResourceRepo
	at com.kpjunaid.controller.PostControllerIntegrationTest.<init>(PostControllerIntegrationTest.java:79)
Caused by: java.lang.ClassNotFoundException: com.kpjunaid.shared.MockResourceRepo
	at com.kpjunaid.controller.PostControllerIntegrationTest.<init>(PostControllerIntegrationTest.java:79)

createNewPost  Time elapsed: 0 s  <<< ERROR!
java.lang.NoClassDefFoundError: com/kpjunaid/shared/MockResourceRepo
	at com.kpjunaid.controller.PostControllerIntegrationTest.<init>(PostControllerIntegrationTest.java:79)
Caused by: java.lang.ClassNotFoundException: com.kpjunaid.shared.MockResourceRepo
	at com.kpjunaid.controller.PostControllerIntegrationTest.<init>(PostControllerIntegrationTest.java:79)

likePostComment  Time elapsed: 0 s  <<< ERROR!
java.lang.NoClassDefFoundError: com/kpjunaid/shared/MockResourceRepo
	at com.kpjunaid.controller.PostControllerIntegrationTest.<init>(PostControllerIntegrationTest.java:79)
Caused by: java.lang.ClassNotFoundException: com.kpjunaid.shared.MockResourceRepo
	at com.kpjunaid.controller.PostControllerIntegrationTest.<init>(PostControllerIntegrationTest.java:79)

updatePostComment  Time elapsed: 0.001 s  <<< ERROR!
java.lang.NoClassDefFoundError: com/kpjunaid/shared/MockResourceRepo
	at com.kpjunaid.controller.PostControllerIntegrationTest.<init>(PostControllerIntegrationTest.java:79)
Caused by: java.lang.ClassNotFoundException: com.kpjunaid.shared.MockResourceRepo
	at com.kpjunaid.controller.PostControllerIntegrationTest.<init>(PostControllerIntegrationTest.java:79)

getPostComments  Time elapsed: 0 s  <<< ERROR!
java.lang.NoClassDefFoundError: com/kpjunaid/shared/MockResourceRepo
	at com.kpjunaid.controller.PostControllerIntegrationTest.<init>(PostControllerIntegrationTest.java:79)
Caused by: java.lang.ClassNotFoundException: com.kpjunaid.shared.MockResourceRepo
	at com.kpjunaid.controller.PostControllerIntegrationTest.<init>(PostControllerIntegrationTest.java:79)

createPostShare  Time elapsed: 0 s  <<< ERROR!
java.lang.NoClassDefFoundError: com/kpjunaid/shared/MockResourceRepo
	at com.kpjunaid.controller.PostControllerIntegrationTest.<init>(PostControllerIntegrationTest.java:79)
Caused by: java.lang.ClassNotFoundException: com.kpjunaid.shared.MockResourceRepo
	at com.kpjunaid.controller.PostControllerIntegrationTest.<init>(PostControllerIntegrationTest.java:79)

likePost  Time elapsed: 0 s  <<< ERROR!
java.lang.NoClassDefFoundError: com/kpjunaid/shared/MockResourceRepo
	at com.kpjunaid.controller.PostControllerIntegrationTest.<init>(PostControllerIntegrationTest.java:79)
Caused by: java.lang.ClassNotFoundException: com.kpjunaid.shared.MockResourceRepo
	at com.kpjunaid.controller.PostControllerIntegrationTest.<init>(PostControllerIntegrationTest.java:79)

getPostShares  Time elapsed: 0 s  <<< ERROR!
java.lang.NoClassDefFoundError: com/kpjunaid/shared/MockResourceRepo
	at com.kpjunaid.controller.PostControllerIntegrationTest.<init>(PostControllerIntegrationTest.java:79)
Caused by: java.lang.ClassNotFoundException: com.kpjunaid.shared.MockResourceRepo
	at com.kpjunaid.controller.PostControllerIntegrationTest.<init>(PostControllerIntegrationTest.java:79)

deletePostComment  Time elapsed: 0 s  <<< ERROR!
java.lang.NoClassDefFoundError: com/kpjunaid/shared/MockResourceRepo
	at com.kpjunaid.controller.PostControllerIntegrationTest.<init>(PostControllerIntegrationTest.java:79)
Caused by: java.lang.ClassNotFoundException: com.kpjunaid.shared.MockResourceRepo
	at com.kpjunaid.controller.PostControllerIntegrationTest.<init>(PostControllerIntegrationTest.java:79)

deletePost  Time elapsed: 0.001 s  <<< ERROR!
java.lang.NoClassDefFoundError: com/kpjunaid/shared/MockResourceRepo
	at com.kpjunaid.controller.PostControllerIntegrationTest.<init>(PostControllerIntegrationTest.java:79)
Caused by: java.lang.ClassNotFoundException: com.kpjunaid.shared.MockResourceRepo
	at com.kpjunaid.controller.PostControllerIntegrationTest.<init>(PostControllerIntegrationTest.java:79)

getPostLikes  Time elapsed: 0 s  <<< ERROR!
java.lang.NoClassDefFoundError: com/kpjunaid/shared/MockResourceRepo
	at com.kpjunaid.controller.PostControllerIntegrationTest.<init>(PostControllerIntegrationTest.java:79)
Caused by: java.lang.ClassNotFoundException: com.kpjunaid.shared.MockResourceRepo
	at com.kpjunaid.controller.PostControllerIntegrationTest.<init>(PostControllerIntegrationTest.java:79)

