-------------------------------------------------------------------------------
Test set: com.kpjunaid.service.UserServiceTest
-------------------------------------------------------------------------------
Tests run: 19, Failures: 0, Errors: 19, Skipped: 0, Time elapsed: 0.001 s <<< FAILURE! - in com.kpjunaid.service.UserServiceTest
shouldUnfollowUser_whenUserIdIsGiven  Time elapsed: 0 s  <<< ERROR!
java.lang.NoClassDefFoundError: com/kpjunaid/entity/Country$CountryBuilder
	at com.kpjunaid.service.UserServiceTest.<init>(UserServiceTest.java:85)
Caused by: java.lang.ClassNotFoundException: com.kpjunaid.entity.Country$CountryBuilder
	at com.kpjunaid.service.UserServiceTest.<init>(UserServiceTest.java:85)

shouldCreateNewUser_whenSignupDtoIsGiven  Time elapsed: 0 s  <<< ERROR!
java.lang.NoClassDefFoundError: com/kpjunaid/entity/Country$CountryBuilder
	at com.kpjunaid.service.UserServiceTest.<init>(UserServiceTest.java:85)
Caused by: java.lang.ClassNotFoundException: com.kpjunaid.entity.Country$CountryBuilder
	at com.kpjunaid.service.UserServiceTest.<init>(UserServiceTest.java:85)

shouldReturnListUsers_whenSearchedWithName  Time elapsed: 0 s  <<< ERROR!
java.lang.NoClassDefFoundError: com/kpjunaid/entity/Country$CountryBuilder
	at com.kpjunaid.service.UserServiceTest.<init>(UserServiceTest.java:85)
Caused by: java.lang.ClassNotFoundException: com.kpjunaid.entity.Country$CountryBuilder
	at com.kpjunaid.service.UserServiceTest.<init>(UserServiceTest.java:85)

shouldReturnListOfCommentLikerUsers_whenCommentIsGiven  Time elapsed: 0 s  <<< ERROR!
java.lang.NoClassDefFoundError: com/kpjunaid/entity/Country$CountryBuilder
	at com.kpjunaid.service.UserServiceTest.<init>(UserServiceTest.java:85)
Caused by: java.lang.ClassNotFoundException: com.kpjunaid.entity.Country$CountryBuilder
	at com.kpjunaid.service.UserServiceTest.<init>(UserServiceTest.java:85)

shouldUpdateEmail_whenUpdateEmailDtoIsGiven  Time elapsed: 0 s  <<< ERROR!
java.lang.NoClassDefFoundError: com/kpjunaid/entity/Country$CountryBuilder
	at com.kpjunaid.service.UserServiceTest.<init>(UserServiceTest.java:85)
Caused by: java.lang.ClassNotFoundException: com.kpjunaid.entity.Country$CountryBuilder
	at com.kpjunaid.service.UserServiceTest.<init>(UserServiceTest.java:85)

shouldChangePassword_whenValidTokenAndResetPasswordDtoIsGiven  Time elapsed: 0 s  <<< ERROR!
java.lang.NoClassDefFoundError: com/kpjunaid/entity/Country$CountryBuilder
	at com.kpjunaid.service.UserServiceTest.<init>(UserServiceTest.java:85)
Caused by: java.lang.ClassNotFoundException: com.kpjunaid.entity.Country$CountryBuilder
	at com.kpjunaid.service.UserServiceTest.<init>(UserServiceTest.java:85)

shouldVerifyEmail_whenVerificationTokenIsGiven  Time elapsed: 0 s  <<< ERROR!
java.lang.NoClassDefFoundError: com/kpjunaid/entity/Country$CountryBuilder
	at com.kpjunaid.service.UserServiceTest.<init>(UserServiceTest.java:85)
Caused by: java.lang.ClassNotFoundException: com.kpjunaid.entity.Country$CountryBuilder
	at com.kpjunaid.service.UserServiceTest.<init>(UserServiceTest.java:85)

shouldReturnListOfFollowerUsers_whenUserIsGiven  Time elapsed: 0 s  <<< ERROR!
java.lang.NoClassDefFoundError: com/kpjunaid/entity/Country$CountryBuilder
	at com.kpjunaid.service.UserServiceTest.<init>(UserServiceTest.java:85)
Caused by: java.lang.ClassNotFoundException: com.kpjunaid.entity.Country$CountryBuilder
	at com.kpjunaid.service.UserServiceTest.<init>(UserServiceTest.java:85)

shouldSendForgotPasswordEmail_whenValidEmailIsGiven  Time elapsed: 0 s  <<< ERROR!
java.lang.NoClassDefFoundError: com/kpjunaid/entity/Country$CountryBuilder
	at com.kpjunaid.service.UserServiceTest.<init>(UserServiceTest.java:85)
Caused by: java.lang.ClassNotFoundException: com.kpjunaid.entity.Country$CountryBuilder
	at com.kpjunaid.service.UserServiceTest.<init>(UserServiceTest.java:85)

shouldReturnListOfFollowingUsers_whenUserIsGiven  Time elapsed: 0.001 s  <<< ERROR!
java.lang.NoClassDefFoundError: com/kpjunaid/entity/Country$CountryBuilder
	at com.kpjunaid.service.UserServiceTest.<init>(UserServiceTest.java:85)
Caused by: java.lang.ClassNotFoundException: com.kpjunaid.entity.Country$CountryBuilder
	at com.kpjunaid.service.UserServiceTest.<init>(UserServiceTest.java:85)

shouldChangeCoverPhoto_whenCoverPhotoIsGiven  Time elapsed: 0 s  <<< ERROR!
java.lang.NoClassDefFoundError: com/kpjunaid/entity/Country$CountryBuilder
	at com.kpjunaid.service.UserServiceTest.<init>(UserServiceTest.java:85)
Caused by: java.lang.ClassNotFoundException: com.kpjunaid.entity.Country$CountryBuilder
	at com.kpjunaid.service.UserServiceTest.<init>(UserServiceTest.java:85)

shouldChangeProfilePhoto_whenProfilePhotoIsGiven  Time elapsed: 0 s  <<< ERROR!
java.lang.NoClassDefFoundError: com/kpjunaid/entity/Country$CountryBuilder
	at com.kpjunaid.service.UserServiceTest.<init>(UserServiceTest.java:85)
Caused by: java.lang.ClassNotFoundException: com.kpjunaid.entity.Country$CountryBuilder
	at com.kpjunaid.service.UserServiceTest.<init>(UserServiceTest.java:85)

shouldUpdateUserInfo_whenUpdateUserInfoDtoIsGiven  Time elapsed: 0 s  <<< ERROR!
java.lang.NoClassDefFoundError: com/kpjunaid/entity/Country$CountryBuilder
	at com.kpjunaid.service.UserServiceTest.<init>(UserServiceTest.java:85)
Caused by: java.lang.ClassNotFoundException: com.kpjunaid.entity.Country$CountryBuilder
	at com.kpjunaid.service.UserServiceTest.<init>(UserServiceTest.java:85)

shouldFollowUser_whenUserIdIsGiven  Time elapsed: 0 s  <<< ERROR!
java.lang.NoClassDefFoundError: com/kpjunaid/entity/Country$CountryBuilder
	at com.kpjunaid.service.UserServiceTest.<init>(UserServiceTest.java:85)
Caused by: java.lang.ClassNotFoundException: com.kpjunaid.entity.Country$CountryBuilder
	at com.kpjunaid.service.UserServiceTest.<init>(UserServiceTest.java:85)

shouldReturnListOfPostLikerUsers_whenPostIsGiven  Time elapsed: 0 s  <<< ERROR!
java.lang.NoClassDefFoundError: com/kpjunaid/entity/Country$CountryBuilder
	at com.kpjunaid.service.UserServiceTest.<init>(UserServiceTest.java:85)
Caused by: java.lang.ClassNotFoundException: com.kpjunaid.entity.Country$CountryBuilder
	at com.kpjunaid.service.UserServiceTest.<init>(UserServiceTest.java:85)

shouldUpdatePassword_whenUpdatePasswordDtoIsGiven  Time elapsed: 0 s  <<< ERROR!
java.lang.NoClassDefFoundError: com/kpjunaid/entity/Country$CountryBuilder
	at com.kpjunaid.service.UserServiceTest.<init>(UserServiceTest.java:85)
Caused by: java.lang.ClassNotFoundException: com.kpjunaid.entity.Country$CountryBuilder
	at com.kpjunaid.service.UserServiceTest.<init>(UserServiceTest.java:85)

shouldReturnUser_whenUserEmailIsGiven  Time elapsed: 0 s  <<< ERROR!
java.lang.NoClassDefFoundError: com/kpjunaid/entity/Country$CountryBuilder
	at com.kpjunaid.service.UserServiceTest.<init>(UserServiceTest.java:85)
Caused by: java.lang.ClassNotFoundException: com.kpjunaid.entity.Country$CountryBuilder
	at com.kpjunaid.service.UserServiceTest.<init>(UserServiceTest.java:85)

shouldDeleteUserAccount  Time elapsed: 0 s  <<< ERROR!
java.lang.NoClassDefFoundError: com/kpjunaid/entity/Country$CountryBuilder
	at com.kpjunaid.service.UserServiceTest.<init>(UserServiceTest.java:85)
Caused by: java.lang.ClassNotFoundException: com.kpjunaid.entity.Country$CountryBuilder
	at com.kpjunaid.service.UserServiceTest.<init>(UserServiceTest.java:85)

shouldReturnUser_whenUserIdIsGiven  Time elapsed: 0 s  <<< ERROR!
java.lang.NoClassDefFoundError: com/kpjunaid/entity/Country$CountryBuilder
	at com.kpjunaid.service.UserServiceTest.<init>(UserServiceTest.java:85)
Caused by: java.lang.ClassNotFoundException: com.kpjunaid.entity.Country$CountryBuilder
	at com.kpjunaid.service.UserServiceTest.<init>(UserServiceTest.java:85)

