-------------------------------------------------------------------------------
Test set: com.kpjunaid.controller.PostControllerTest
-------------------------------------------------------------------------------
Tests run: 20, Failures: 0, Errors: 20, Skipped: 0, Time elapsed: 1.027 s <<< FAILURE! - in com.kpjunaid.controller.PostControllerTest
shouldReturnListOfPostLikes_whenPostIdIsGiven  Time elapsed: 0 s  <<< ERROR!
java.lang.IllegalStateException: Failed to load ApplicationContext
Caused by: org.springframework.beans.factory.BeanDefinitionStoreException: Failed to process import candidates for configuration class [org.springframework.boot.test.context.ImportsContextCustomizer$ImportsConfiguration]; nested exception is java.io.FileNotFoundException: class path resource [com/kpjunaid/controller/PostControllerTest.class] cannot be opened because it does not exist
Caused by: java.io.FileNotFoundException: class path resource [com/kpjunaid/controller/PostControllerTest.class] cannot be opened because it does not exist

shouldReturnOK_whenPostLiked  Time elapsed: 0 s  <<< ERROR!
java.lang.IllegalStateException: Failed to load ApplicationContext
Caused by: org.springframework.beans.factory.BeanDefinitionStoreException: Failed to process import candidates for configuration class [org.springframework.boot.test.context.ImportsContextCustomizer$ImportsConfiguration]; nested exception is java.io.FileNotFoundException: class path resource [com/kpjunaid/controller/PostControllerTest.class] cannot be opened because it does not exist
Caused by: java.io.FileNotFoundException: class path resource [com/kpjunaid/controller/PostControllerTest.class] cannot be opened because it does not exist

shouldReturnListOfPostShares_whenPostIdIsGiven  Time elapsed: 0 s  <<< ERROR!
java.lang.IllegalStateException: Failed to load ApplicationContext
Caused by: org.springframework.beans.factory.BeanDefinitionStoreException: Failed to process import candidates for configuration class [org.springframework.boot.test.context.ImportsContextCustomizer$ImportsConfiguration]; nested exception is java.io.FileNotFoundException: class path resource [com/kpjunaid/controller/PostControllerTest.class] cannot be opened because it does not exist
Caused by: java.io.FileNotFoundException: class path resource [com/kpjunaid/controller/PostControllerTest.class] cannot be opened because it does not exist

shouldReturnListOfPostComments_whenPostIdIsGiven  Time elapsed: 0 s  <<< ERROR!
java.lang.IllegalStateException: Failed to load ApplicationContext
Caused by: org.springframework.beans.factory.BeanDefinitionStoreException: Failed to process import candidates for configuration class [org.springframework.boot.test.context.ImportsContextCustomizer$ImportsConfiguration]; nested exception is java.io.FileNotFoundException: class path resource [com/kpjunaid/controller/PostControllerTest.class] cannot be opened because it does not exist
Caused by: java.io.FileNotFoundException: class path resource [com/kpjunaid/controller/PostControllerTest.class] cannot be opened because it does not exist

shouldReturnListOfCommentLikes_whenCommentIdIsGiven  Time elapsed: 0 s  <<< ERROR!
java.lang.IllegalStateException: Failed to load ApplicationContext
Caused by: org.springframework.beans.factory.BeanDefinitionStoreException: Failed to process import candidates for configuration class [org.springframework.boot.test.context.ImportsContextCustomizer$ImportsConfiguration]; nested exception is java.io.FileNotFoundException: class path resource [com/kpjunaid/controller/PostControllerTest.class] cannot be opened because it does not exist
Caused by: java.io.FileNotFoundException: class path resource [com/kpjunaid/controller/PostControllerTest.class] cannot be opened because it does not exist

shouldReturnOK_whenCommentDeleted  Time elapsed: 0 s  <<< ERROR!
java.lang.IllegalStateException: Failed to load ApplicationContext
Caused by: org.springframework.beans.factory.BeanDefinitionStoreException: Failed to process import candidates for configuration class [org.springframework.boot.test.context.ImportsContextCustomizer$ImportsConfiguration]; nested exception is java.io.FileNotFoundException: class path resource [com/kpjunaid/controller/PostControllerTest.class] cannot be opened because it does not exist
Caused by: java.io.FileNotFoundException: class path resource [com/kpjunaid/controller/PostControllerTest.class] cannot be opened because it does not exist

shouldReturnListOfPosts_whenTagNameIsGiven  Time elapsed: 0.006 s  <<< ERROR!
java.lang.IllegalStateException: Failed to load ApplicationContext
Caused by: org.springframework.beans.factory.BeanDefinitionStoreException: Failed to process import candidates for configuration class [org.springframework.boot.test.context.ImportsContextCustomizer$ImportsConfiguration]; nested exception is java.io.FileNotFoundException: class path resource [com/kpjunaid/controller/PostControllerTest.class] cannot be opened because it does not exist
Caused by: java.io.FileNotFoundException: class path resource [com/kpjunaid/controller/PostControllerTest.class] cannot be opened because it does not exist

shouldReturnOK_whenCommentLiked  Time elapsed: 0 s  <<< ERROR!
java.lang.IllegalStateException: Failed to load ApplicationContext
Caused by: org.springframework.beans.factory.BeanDefinitionStoreException: Failed to process import candidates for configuration class [org.springframework.boot.test.context.ImportsContextCustomizer$ImportsConfiguration]; nested exception is java.io.FileNotFoundException: class path resource [com/kpjunaid/controller/PostControllerTest.class] cannot be opened because it does not exist
Caused by: java.io.FileNotFoundException: class path resource [com/kpjunaid/controller/PostControllerTest.class] cannot be opened because it does not exist

shouldReturnOK_whenPostUnliked  Time elapsed: 0 s  <<< ERROR!
java.lang.IllegalStateException: Failed to load ApplicationContext
Caused by: org.springframework.beans.factory.BeanDefinitionStoreException: Failed to process import candidates for configuration class [org.springframework.boot.test.context.ImportsContextCustomizer$ImportsConfiguration]; nested exception is java.io.FileNotFoundException: class path resource [com/kpjunaid/controller/PostControllerTest.class] cannot be opened because it does not exist
Caused by: java.io.FileNotFoundException: class path resource [com/kpjunaid/controller/PostControllerTest.class] cannot be opened because it does not exist

shouldUpdatePostShare_whenContentAndPostIdAreGiven  Time elapsed: 0 s  <<< ERROR!
java.lang.IllegalStateException: Failed to load ApplicationContext
Caused by: org.springframework.beans.factory.BeanDefinitionStoreException: Failed to process import candidates for configuration class [org.springframework.boot.test.context.ImportsContextCustomizer$ImportsConfiguration]; nested exception is java.io.FileNotFoundException: class path resource [com/kpjunaid/controller/PostControllerTest.class] cannot be opened because it does not exist
Caused by: java.io.FileNotFoundException: class path resource [com/kpjunaid/controller/PostControllerTest.class] cannot be opened because it does not exist

shouldUpdatePostComment_whenContentCommentIdAndPostIdAreGiven  Time elapsed: 0 s  <<< ERROR!
java.lang.IllegalStateException: Failed to load ApplicationContext
Caused by: org.springframework.beans.factory.BeanDefinitionStoreException: Failed to process import candidates for configuration class [org.springframework.boot.test.context.ImportsContextCustomizer$ImportsConfiguration]; nested exception is java.io.FileNotFoundException: class path resource [com/kpjunaid/controller/PostControllerTest.class] cannot be opened because it does not exist
Caused by: java.io.FileNotFoundException: class path resource [com/kpjunaid/controller/PostControllerTest.class] cannot be opened because it does not exist

shouldReturnOK_whenPostShareDeleted  Time elapsed: 0 s  <<< ERROR!
java.lang.IllegalStateException: Failed to load ApplicationContext
Caused by: org.springframework.beans.factory.BeanDefinitionStoreException: Failed to process import candidates for configuration class [org.springframework.boot.test.context.ImportsContextCustomizer$ImportsConfiguration]; nested exception is java.io.FileNotFoundException: class path resource [com/kpjunaid/controller/PostControllerTest.class] cannot be opened because it does not exist
Caused by: java.io.FileNotFoundException: class path resource [com/kpjunaid/controller/PostControllerTest.class] cannot be opened because it does not exist

shouldCreateNewPostShare_whenContentAndPostIdAreGiven  Time elapsed: 0 s  <<< ERROR!
java.lang.IllegalStateException: Failed to load ApplicationContext
Caused by: org.springframework.beans.factory.BeanDefinitionStoreException: Failed to process import candidates for configuration class [org.springframework.boot.test.context.ImportsContextCustomizer$ImportsConfiguration]; nested exception is java.io.FileNotFoundException: class path resource [com/kpjunaid/controller/PostControllerTest.class] cannot be opened because it does not exist
Caused by: java.io.FileNotFoundException: class path resource [com/kpjunaid/controller/PostControllerTest.class] cannot be opened because it does not exist

shouldReturnOK_whenPostDeleted  Time elapsed: 0 s  <<< ERROR!
java.lang.IllegalStateException: Failed to load ApplicationContext
Caused by: org.springframework.beans.factory.BeanDefinitionStoreException: Failed to process import candidates for configuration class [org.springframework.boot.test.context.ImportsContextCustomizer$ImportsConfiguration]; nested exception is java.io.FileNotFoundException: class path resource [com/kpjunaid/controller/PostControllerTest.class] cannot be opened because it does not exist
Caused by: java.io.FileNotFoundException: class path resource [com/kpjunaid/controller/PostControllerTest.class] cannot be opened because it does not exist

shouldReturnPost_whenPostIdIsGiven  Time elapsed: 0 s  <<< ERROR!
java.lang.IllegalStateException: Failed to load ApplicationContext
Caused by: org.springframework.beans.factory.BeanDefinitionStoreException: Failed to process import candidates for configuration class [org.springframework.boot.test.context.ImportsContextCustomizer$ImportsConfiguration]; nested exception is java.io.FileNotFoundException: class path resource [com/kpjunaid/controller/PostControllerTest.class] cannot be opened because it does not exist
Caused by: java.io.FileNotFoundException: class path resource [com/kpjunaid/controller/PostControllerTest.class] cannot be opened because it does not exist

shouldReturnOK_whenCommentUnliked  Time elapsed: 0 s  <<< ERROR!
java.lang.IllegalStateException: Failed to load ApplicationContext
Caused by: org.springframework.beans.factory.BeanDefinitionStoreException: Failed to process import candidates for configuration class [org.springframework.boot.test.context.ImportsContextCustomizer$ImportsConfiguration]; nested exception is java.io.FileNotFoundException: class path resource [com/kpjunaid/controller/PostControllerTest.class] cannot be opened because it does not exist
Caused by: java.io.FileNotFoundException: class path resource [com/kpjunaid/controller/PostControllerTest.class] cannot be opened because it does not exist

shouldReturnOK_whenPostPhotoDeleted  Time elapsed: 0 s  <<< ERROR!
java.lang.IllegalStateException: Failed to load ApplicationContext
Caused by: org.springframework.beans.factory.BeanDefinitionStoreException: Failed to process import candidates for configuration class [org.springframework.boot.test.context.ImportsContextCustomizer$ImportsConfiguration]; nested exception is java.io.FileNotFoundException: class path resource [com/kpjunaid/controller/PostControllerTest.class] cannot be opened because it does not exist
Caused by: java.io.FileNotFoundException: class path resource [com/kpjunaid/controller/PostControllerTest.class] cannot be opened because it does not exist

shouldUpdatePost_whenPostIdContentPhotoAndTagsAreGiven  Time elapsed: 0 s  <<< ERROR!
java.lang.IllegalStateException: Failed to load ApplicationContext
Caused by: org.springframework.beans.factory.BeanDefinitionStoreException: Failed to process import candidates for configuration class [org.springframework.boot.test.context.ImportsContextCustomizer$ImportsConfiguration]; nested exception is java.io.FileNotFoundException: class path resource [com/kpjunaid/controller/PostControllerTest.class] cannot be opened because it does not exist
Caused by: java.io.FileNotFoundException: class path resource [com/kpjunaid/controller/PostControllerTest.class] cannot be opened because it does not exist

shouldCreateNewPost_whenContentPhotoAndTagsAreGiven  Time elapsed: 0 s  <<< ERROR!
java.lang.IllegalStateException: Failed to load ApplicationContext
Caused by: org.springframework.beans.factory.BeanDefinitionStoreException: Failed to process import candidates for configuration class [org.springframework.boot.test.context.ImportsContextCustomizer$ImportsConfiguration]; nested exception is java.io.FileNotFoundException: class path resource [com/kpjunaid/controller/PostControllerTest.class] cannot be opened because it does not exist
Caused by: java.io.FileNotFoundException: class path resource [com/kpjunaid/controller/PostControllerTest.class] cannot be opened because it does not exist

shouldCreateNewPostComment_whenContentAndPostIdAreGiven  Time elapsed: 0 s  <<< ERROR!
java.lang.IllegalStateException: Failed to load ApplicationContext
Caused by: org.springframework.beans.factory.BeanDefinitionStoreException: Failed to process import candidates for configuration class [org.springframework.boot.test.context.ImportsContextCustomizer$ImportsConfiguration]; nested exception is java.io.FileNotFoundException: class path resource [com/kpjunaid/controller/PostControllerTest.class] cannot be opened because it does not exist
Caused by: java.io.FileNotFoundException: class path resource [com/kpjunaid/controller/PostControllerTest.class] cannot be opened because it does not exist

