-------------------------------------------------------------------------------
Test set: com.kpjunaid.repository.CommentRepositoryTest
-------------------------------------------------------------------------------
Tests run: 1, Failures: 0, Errors: 1, Skipped: 0, Time elapsed: 0.001 s <<< FAILURE! - in com.kpjunaid.repository.CommentRepositoryTest
shouldReturnListComments_whenPostIsGiven  Time elapsed: 0 s  <<< ERROR!
java.lang.NoClassDefFoundError: com/kpjunaid/shared/MockResourceRepo
	at com.kpjunaid.repository.CommentRepositoryTest.<init>(CommentRepositoryTest.java:29)
Caused by: java.lang.ClassNotFoundException: com.kpjunaid.shared.MockResourceRepo
	at com.kpjunaid.repository.CommentRepositoryTest.<init>(CommentRepositoryTest.java:29)

