-------------------------------------------------------------------------------
Test set: com.kpjunaid.controller.NotificationControllerTest
-------------------------------------------------------------------------------
Tests run: 3, Failures: 0, Errors: 3, Skipped: 0, Time elapsed: 0.221 s <<< FAILURE! - in com.kpjunaid.controller.NotificationControllerTest
shouldReturnListOfNotifications  Time elapsed: 0.001 s  <<< ERROR!
java.lang.IllegalStateException: Failed to load ApplicationContext
Caused by: org.springframework.beans.factory.BeanDefinitionStoreException: Failed to process import candidates for configuration class [org.springframework.boot.test.context.ImportsContextCustomizer$ImportsConfiguration]; nested exception is java.io.FileNotFoundException: class path resource [com/kpjunaid/controller/NotificationControllerTest.class] cannot be opened because it does not exist
Caused by: java.io.FileNotFoundException: class path resource [com/kpjunaid/controller/NotificationControllerTest.class] cannot be opened because it does not exist

shouldReturnOK_whenNotificationsAreMarkedRead  Time elapsed: 0 s  <<< ERROR!
java.lang.IllegalStateException: Failed to load ApplicationContext
Caused by: org.springframework.beans.factory.BeanDefinitionStoreException: Failed to process import candidates for configuration class [org.springframework.boot.test.context.ImportsContextCustomizer$ImportsConfiguration]; nested exception is java.io.FileNotFoundException: class path resource [com/kpjunaid/controller/NotificationControllerTest.class] cannot be opened because it does not exist
Caused by: java.io.FileNotFoundException: class path resource [com/kpjunaid/controller/NotificationControllerTest.class] cannot be opened because it does not exist

shouldReturnOK_whenNotificationsAreMarkedSeen  Time elapsed: 0 s  <<< ERROR!
java.lang.IllegalStateException: Failed to load ApplicationContext
Caused by: org.springframework.beans.factory.BeanDefinitionStoreException: Failed to process import candidates for configuration class [org.springframework.boot.test.context.ImportsContextCustomizer$ImportsConfiguration]; nested exception is java.io.FileNotFoundException: class path resource [com/kpjunaid/controller/NotificationControllerTest.class] cannot be opened because it does not exist
Caused by: java.io.FileNotFoundException: class path resource [com/kpjunaid/controller/NotificationControllerTest.class] cannot be opened because it does not exist

