-------------------------------------------------------------------------------
Test set: com.kpjunaid.repository.TagRepositoryTest
-------------------------------------------------------------------------------
Tests run: 1, Failures: 0, Errors: 1, Skipped: 0, Time elapsed: 0.059 s <<< FAILURE! - in com.kpjunaid.repository.TagRepositoryTest
shouldReturnOptionalOfTag_whenNameIsGiven  Time elapsed: 0 s  <<< ERROR!
java.lang.IllegalStateException: Failed to load ApplicationContext
Caused by: org.springframework.beans.factory.BeanDefinitionStoreException: Failed to process import candidates for configuration class [org.springframework.boot.test.context.ImportsContextCustomizer$ImportsConfiguration]; nested exception is java.io.FileNotFoundException: class path resource [com/kpjunaid/repository/TagRepositoryTest.class] cannot be opened because it does not exist
Caused by: java.io.FileNotFoundException: class path resource [com/kpjunaid/repository/TagRepositoryTest.class] cannot be opened because it does not exist

