-------------------------------------------------------------------------------
Test set: com.kpjunaid.service.TagServiceTest
-------------------------------------------------------------------------------
Tests run: 6, Failures: 0, Errors: 6, Skipped: 0, Time elapsed: 0.352 s <<< FAILURE! - in com.kpjunaid.service.TagServiceTest
shouldCreateNewTag_whenTagNameIsGiven  Time elapsed: 0.001 s  <<< ERROR!
java.lang.IllegalStateException: Failed to load ApplicationContext
Caused by: org.springframework.beans.factory.BeanDefinitionStoreException: Failed to process import candidates for configuration class [org.springframework.boot.test.context.ImportsContextCustomizer$ImportsConfiguration]; nested exception is java.io.FileNotFoundException: class path resource [com/kpjunaid/service/TagServiceTest.class] cannot be opened because it does not exist
Caused by: java.io.FileNotFoundException: class path resource [com/kpjunaid/service/TagServiceTest.class] cannot be opened because it does not exist

shouldReturnTag_whenTagIdIsGiven  Time elapsed: 0 s  <<< ERROR!
java.lang.IllegalStateException: Failed to load ApplicationContext
Caused by: org.springframework.beans.factory.BeanDefinitionStoreException: Failed to process import candidates for configuration class [org.springframework.boot.test.context.ImportsContextCustomizer$ImportsConfiguration]; nested exception is java.io.FileNotFoundException: class path resource [com/kpjunaid/service/TagServiceTest.class] cannot be opened because it does not exist
Caused by: java.io.FileNotFoundException: class path resource [com/kpjunaid/service/TagServiceTest.class] cannot be opened because it does not exist

shouldIncreaseTagUseCounter_whenTagNameIsGiven  Time elapsed: 0 s  <<< ERROR!
java.lang.IllegalStateException: Failed to load ApplicationContext
Caused by: org.springframework.beans.factory.BeanDefinitionStoreException: Failed to process import candidates for configuration class [org.springframework.boot.test.context.ImportsContextCustomizer$ImportsConfiguration]; nested exception is java.io.FileNotFoundException: class path resource [com/kpjunaid/service/TagServiceTest.class] cannot be opened because it does not exist
Caused by: java.io.FileNotFoundException: class path resource [com/kpjunaid/service/TagServiceTest.class] cannot be opened because it does not exist

shouldDecreaseTagUseCounter_whenTagNameIsGiven  Time elapsed: 0 s  <<< ERROR!
java.lang.IllegalStateException: Failed to load ApplicationContext
Caused by: org.springframework.beans.factory.BeanDefinitionStoreException: Failed to process import candidates for configuration class [org.springframework.boot.test.context.ImportsContextCustomizer$ImportsConfiguration]; nested exception is java.io.FileNotFoundException: class path resource [com/kpjunaid/service/TagServiceTest.class] cannot be opened because it does not exist
Caused by: java.io.FileNotFoundException: class path resource [com/kpjunaid/service/TagServiceTest.class] cannot be opened because it does not exist

shouldReturnTag_whenTagNameIsGiven  Time elapsed: 0 s  <<< ERROR!
java.lang.IllegalStateException: Failed to load ApplicationContext
Caused by: org.springframework.beans.factory.BeanDefinitionStoreException: Failed to process import candidates for configuration class [org.springframework.boot.test.context.ImportsContextCustomizer$ImportsConfiguration]; nested exception is java.io.FileNotFoundException: class path resource [com/kpjunaid/service/TagServiceTest.class] cannot be opened because it does not exist
Caused by: java.io.FileNotFoundException: class path resource [com/kpjunaid/service/TagServiceTest.class] cannot be opened because it does not exist

shouldReturnListOfTagsOrderedByTagUseCounter  Time elapsed: 0 s  <<< ERROR!
java.lang.IllegalStateException: Failed to load ApplicationContext
Caused by: org.springframework.beans.factory.BeanDefinitionStoreException: Failed to process import candidates for configuration class [org.springframework.boot.test.context.ImportsContextCustomizer$ImportsConfiguration]; nested exception is java.io.FileNotFoundException: class path resource [com/kpjunaid/service/TagServiceTest.class] cannot be opened because it does not exist
Caused by: java.io.FileNotFoundException: class path resource [com/kpjunaid/service/TagServiceTest.class] cannot be opened because it does not exist

