-------------------------------------------------------------------------------
Test set: com.kpjunaid.service.PostServiceTest
-------------------------------------------------------------------------------
Tests run: 17, Failures: 0, Errors: 17, Skipped: 0, Time elapsed: 1.239 s <<< FAILURE! - in com.kpjunaid.service.PostServiceTest
shouldReturnListOfPostShares_whenSharedPostIsGiven  Time elapsed: 0 s  <<< ERROR!
java.lang.IllegalStateException: Failed to load ApplicationContext
Caused by: org.springframework.beans.factory.BeanDefinitionStoreException: Failed to process import candidates for configuration class [org.springframework.boot.test.context.ImportsContextCustomizer$ImportsConfiguration]; nested exception is java.io.FileNotFoundException: class path resource [com/kpjunaid/service/PostServiceTest.class] cannot be opened because it does not exist
Caused by: java.io.FileNotFoundException: class path resource [com/kpjunaid/service/PostServiceTest.class] cannot be opened because it does not exist

shouldUpdatesPost_whenPostIdAndUpdatesAreGiven  Time elapsed: 0 s  <<< ERROR!
java.lang.IllegalStateException: Failed to load ApplicationContext
Caused by: org.springframework.beans.factory.BeanDefinitionStoreException: Failed to process import candidates for configuration class [org.springframework.boot.test.context.ImportsContextCustomizer$ImportsConfiguration]; nested exception is java.io.FileNotFoundException: class path resource [com/kpjunaid/service/PostServiceTest.class] cannot be opened because it does not exist
Caused by: java.io.FileNotFoundException: class path resource [com/kpjunaid/service/PostServiceTest.class] cannot be opened because it does not exist

shouldLikePost_whenPostIdIsGiven  Time elapsed: 0 s  <<< ERROR!
java.lang.IllegalStateException: Failed to load ApplicationContext
Caused by: org.springframework.beans.factory.BeanDefinitionStoreException: Failed to process import candidates for configuration class [org.springframework.boot.test.context.ImportsContextCustomizer$ImportsConfiguration]; nested exception is java.io.FileNotFoundException: class path resource [com/kpjunaid/service/PostServiceTest.class] cannot be opened because it does not exist
Caused by: java.io.FileNotFoundException: class path resource [com/kpjunaid/service/PostServiceTest.class] cannot be opened because it does not exist

shouldCreatePostComment_whenPostIdAndContentIsGiven  Time elapsed: 0 s  <<< ERROR!
java.lang.IllegalStateException: Failed to load ApplicationContext
Caused by: org.springframework.beans.factory.BeanDefinitionStoreException: Failed to process import candidates for configuration class [org.springframework.boot.test.context.ImportsContextCustomizer$ImportsConfiguration]; nested exception is java.io.FileNotFoundException: class path resource [com/kpjunaid/service/PostServiceTest.class] cannot be opened because it does not exist
Caused by: java.io.FileNotFoundException: class path resource [com/kpjunaid/service/PostServiceTest.class] cannot be opened because it does not exist

shouldUpdatePostComment_whenCommentIdPostIdAndContentAreGiven  Time elapsed: 0 s  <<< ERROR!
java.lang.IllegalStateException: Failed to load ApplicationContext
Caused by: org.springframework.beans.factory.BeanDefinitionStoreException: Failed to process import candidates for configuration class [org.springframework.boot.test.context.ImportsContextCustomizer$ImportsConfiguration]; nested exception is java.io.FileNotFoundException: class path resource [com/kpjunaid/service/PostServiceTest.class] cannot be opened because it does not exist
Caused by: java.io.FileNotFoundException: class path resource [com/kpjunaid/service/PostServiceTest.class] cannot be opened because it does not exist

shouldCreateNewPost_whenContentPostPhotoPostTagsAreGiven  Time elapsed: 0 s  <<< ERROR!
java.lang.IllegalStateException: Failed to load ApplicationContext
Caused by: org.springframework.beans.factory.BeanDefinitionStoreException: Failed to process import candidates for configuration class [org.springframework.boot.test.context.ImportsContextCustomizer$ImportsConfiguration]; nested exception is java.io.FileNotFoundException: class path resource [com/kpjunaid/service/PostServiceTest.class] cannot be opened because it does not exist
Caused by: java.io.FileNotFoundException: class path resource [com/kpjunaid/service/PostServiceTest.class] cannot be opened because it does not exist

shouldDeletePostComment_whenCommentIdPostIdAreGiven  Time elapsed: 0 s  <<< ERROR!
java.lang.IllegalStateException: Failed to load ApplicationContext
Caused by: org.springframework.beans.factory.BeanDefinitionStoreException: Failed to process import candidates for configuration class [org.springframework.boot.test.context.ImportsContextCustomizer$ImportsConfiguration]; nested exception is java.io.FileNotFoundException: class path resource [com/kpjunaid/service/PostServiceTest.class] cannot be opened because it does not exist
Caused by: java.io.FileNotFoundException: class path resource [com/kpjunaid/service/PostServiceTest.class] cannot be opened because it does not exist

shouldDeletePostShare_whenPostShareIdIsGiven  Time elapsed: 0 s  <<< ERROR!
java.lang.IllegalStateException: Failed to load ApplicationContext
Caused by: org.springframework.beans.factory.BeanDefinitionStoreException: Failed to process import candidates for configuration class [org.springframework.boot.test.context.ImportsContextCustomizer$ImportsConfiguration]; nested exception is java.io.FileNotFoundException: class path resource [com/kpjunaid/service/PostServiceTest.class] cannot be opened because it does not exist
Caused by: java.io.FileNotFoundException: class path resource [com/kpjunaid/service/PostServiceTest.class] cannot be opened because it does not exist

shouldReturnPostResponse_whenPostIdIsGiven  Time elapsed: 0 s  <<< ERROR!
java.lang.IllegalStateException: Failed to load ApplicationContext
Caused by: org.springframework.beans.factory.BeanDefinitionStoreException: Failed to process import candidates for configuration class [org.springframework.boot.test.context.ImportsContextCustomizer$ImportsConfiguration]; nested exception is java.io.FileNotFoundException: class path resource [com/kpjunaid/service/PostServiceTest.class] cannot be opened because it does not exist
Caused by: java.io.FileNotFoundException: class path resource [com/kpjunaid/service/PostServiceTest.class] cannot be opened because it does not exist

shouldDeletePost_whenPostIdIsGiven  Time elapsed: 0 s  <<< ERROR!
java.lang.IllegalStateException: Failed to load ApplicationContext
Caused by: org.springframework.beans.factory.BeanDefinitionStoreException: Failed to process import candidates for configuration class [org.springframework.boot.test.context.ImportsContextCustomizer$ImportsConfiguration]; nested exception is java.io.FileNotFoundException: class path resource [com/kpjunaid/service/PostServiceTest.class] cannot be opened because it does not exist
Caused by: java.io.FileNotFoundException: class path resource [com/kpjunaid/service/PostServiceTest.class] cannot be opened because it does not exist

shouldReturnListOfPosts_whenTagIsGiven  Time elapsed: 0 s  <<< ERROR!
java.lang.IllegalStateException: Failed to load ApplicationContext
Caused by: org.springframework.beans.factory.BeanDefinitionStoreException: Failed to process import candidates for configuration class [org.springframework.boot.test.context.ImportsContextCustomizer$ImportsConfiguration]; nested exception is java.io.FileNotFoundException: class path resource [com/kpjunaid/service/PostServiceTest.class] cannot be opened because it does not exist
Caused by: java.io.FileNotFoundException: class path resource [com/kpjunaid/service/PostServiceTest.class] cannot be opened because it does not exist

shouldReturnListOfTimelinePosts  Time elapsed: 0 s  <<< ERROR!
java.lang.IllegalStateException: Failed to load ApplicationContext
Caused by: org.springframework.beans.factory.BeanDefinitionStoreException: Failed to process import candidates for configuration class [org.springframework.boot.test.context.ImportsContextCustomizer$ImportsConfiguration]; nested exception is java.io.FileNotFoundException: class path resource [com/kpjunaid/service/PostServiceTest.class] cannot be opened because it does not exist
Caused by: java.io.FileNotFoundException: class path resource [com/kpjunaid/service/PostServiceTest.class] cannot be opened because it does not exist

shouldDeletePostPhoto_whenPostIdIsGiven  Time elapsed: 0 s  <<< ERROR!
java.lang.IllegalStateException: Failed to load ApplicationContext
Caused by: org.springframework.beans.factory.BeanDefinitionStoreException: Failed to process import candidates for configuration class [org.springframework.boot.test.context.ImportsContextCustomizer$ImportsConfiguration]; nested exception is java.io.FileNotFoundException: class path resource [com/kpjunaid/service/PostServiceTest.class] cannot be opened because it does not exist
Caused by: java.io.FileNotFoundException: class path resource [com/kpjunaid/service/PostServiceTest.class] cannot be opened because it does not exist

shouldReturnPost_whenPostIdIsGiven  Time elapsed: 0 s  <<< ERROR!
java.lang.IllegalStateException: Failed to load ApplicationContext
Caused by: org.springframework.beans.factory.BeanDefinitionStoreException: Failed to process import candidates for configuration class [org.springframework.boot.test.context.ImportsContextCustomizer$ImportsConfiguration]; nested exception is java.io.FileNotFoundException: class path resource [com/kpjunaid/service/PostServiceTest.class] cannot be opened because it does not exist
Caused by: java.io.FileNotFoundException: class path resource [com/kpjunaid/service/PostServiceTest.class] cannot be opened because it does not exist

shouldCreatePostShare_whenPostIdAndContentIsGiven  Time elapsed: 0 s  <<< ERROR!
java.lang.IllegalStateException: Failed to load ApplicationContext
Caused by: org.springframework.beans.factory.BeanDefinitionStoreException: Failed to process import candidates for configuration class [org.springframework.boot.test.context.ImportsContextCustomizer$ImportsConfiguration]; nested exception is java.io.FileNotFoundException: class path resource [com/kpjunaid/service/PostServiceTest.class] cannot be opened because it does not exist
Caused by: java.io.FileNotFoundException: class path resource [com/kpjunaid/service/PostServiceTest.class] cannot be opened because it does not exist

shouldUnlikePost_whenPostIdIsGiven  Time elapsed: 0 s  <<< ERROR!
java.lang.IllegalStateException: Failed to load ApplicationContext
Caused by: org.springframework.beans.factory.BeanDefinitionStoreException: Failed to process import candidates for configuration class [org.springframework.boot.test.context.ImportsContextCustomizer$ImportsConfiguration]; nested exception is java.io.FileNotFoundException: class path resource [com/kpjunaid/service/PostServiceTest.class] cannot be opened because it does not exist
Caused by: java.io.FileNotFoundException: class path resource [com/kpjunaid/service/PostServiceTest.class] cannot be opened because it does not exist

shouldUpdatePostShare_whenPostShareIdAndContentIsGiven  Time elapsed: 0.002 s  <<< ERROR!
java.lang.IllegalStateException: Failed to load ApplicationContext
Caused by: org.springframework.beans.factory.BeanDefinitionStoreException: Failed to process import candidates for configuration class [org.springframework.boot.test.context.ImportsContextCustomizer$ImportsConfiguration]; nested exception is java.io.FileNotFoundException: class path resource [com/kpjunaid/service/PostServiceTest.class] cannot be opened because it does not exist
Caused by: java.io.FileNotFoundException: class path resource [com/kpjunaid/service/PostServiceTest.class] cannot be opened because it does not exist

