-------------------------------------------------------------------------------
Test set: com.kpjunaid.repository.UserRepositoryTest
-------------------------------------------------------------------------------
Tests run: 6, Failures: 0, Errors: 6, Skipped: 0, Time elapsed: 0.01 s <<< FAILURE! - in com.kpjunaid.repository.UserRepositoryTest
shouldReturnListOfCommentLikerUsers_whenPostIsGiven  Time elapsed: 0 s  <<< ERROR!
java.lang.NoClassDefFoundError: com/kpjunaid/shared/MockResourceRepo
	at com.kpjunaid.repository.UserRepositoryTest.<init>(UserRepositoryTest.java:30)
Caused by: java.lang.ClassNotFoundException: com.kpjunaid.shared.MockResourceRepo
	at com.kpjunaid.repository.UserRepositoryTest.<init>(UserRepositoryTest.java:30)

shouldReturnOptionalOfUser_whenEmailIsGiven  Time elapsed: 0.001 s  <<< ERROR!
java.lang.NoClassDefFoundError: com/kpjunaid/shared/MockResourceRepo
	at com.kpjunaid.repository.UserRepositoryTest.<init>(UserRepositoryTest.java:30)
Caused by: java.lang.ClassNotFoundException: com.kpjunaid.shared.MockResourceRepo
	at com.kpjunaid.repository.UserRepositoryTest.<init>(UserRepositoryTest.java:30)

shouldReturnListOfFollowerUsers_whenUserIsGiven  Time elapsed: 0 s  <<< ERROR!
java.lang.NoClassDefFoundError: com/kpjunaid/shared/MockResourceRepo
	at com.kpjunaid.repository.UserRepositoryTest.<init>(UserRepositoryTest.java:30)
Caused by: java.lang.ClassNotFoundException: com.kpjunaid.shared.MockResourceRepo
	at com.kpjunaid.repository.UserRepositoryTest.<init>(UserRepositoryTest.java:30)

shouldReturnListOfFollowingUsers_whenUserIsGiven  Time elapsed: 0 s  <<< ERROR!
java.lang.NoClassDefFoundError: com/kpjunaid/shared/MockResourceRepo
	at com.kpjunaid.repository.UserRepositoryTest.<init>(UserRepositoryTest.java:30)
Caused by: java.lang.ClassNotFoundException: com.kpjunaid.shared.MockResourceRepo
	at com.kpjunaid.repository.UserRepositoryTest.<init>(UserRepositoryTest.java:30)

shouldReturnListOfPostLikerUsers_whenPostIsGiven  Time elapsed: 0 s  <<< ERROR!
java.lang.NoClassDefFoundError: com/kpjunaid/shared/MockResourceRepo
	at com.kpjunaid.repository.UserRepositoryTest.<init>(UserRepositoryTest.java:30)
Caused by: java.lang.ClassNotFoundException: com.kpjunaid.shared.MockResourceRepo
	at com.kpjunaid.repository.UserRepositoryTest.<init>(UserRepositoryTest.java:30)

shouldReturnListOfUsers_whenSearchedWithName  Time elapsed: 0 s  <<< ERROR!
java.lang.NoClassDefFoundError: com/kpjunaid/shared/MockResourceRepo
	at com.kpjunaid.repository.UserRepositoryTest.<init>(UserRepositoryTest.java:30)
Caused by: java.lang.ClassNotFoundException: com.kpjunaid.shared.MockResourceRepo
	at com.kpjunaid.repository.UserRepositoryTest.<init>(UserRepositoryTest.java:30)

