<?xml version="1.0" encoding="UTF-8"?>
<testsuite xmlns:xsi="http://www.w3.org/2001/XMLSchema-instance" xsi:noNamespaceSchemaLocation="https://maven.apache.org/surefire/maven-surefire-plugin/xsd/surefire-test-report.xsd" name="com.kpjunaid.repository.CountryRepositoryTest" time="0.006" tests="1" errors="1" skipped="0" failures="0">
  <properties>
[...]
</properties>
  <testcase name="shouldReturnOptionalOfCountry_whenNameIsGiven" classname="com.kpjunaid.repository.CountryRepositoryTest" time="0">
    <error message="com/kpjunaid/shared/MockResourceRepo" type="java.lang.NoClassDefFoundError"><![CDATA[java.lang.NoClassDefFoundError: com/kpjunaid/shared/MockResourceRepo
	at com.kpjunaid.repository.CountryRepositoryTest.<init>(CountryRepositoryTest.java:20)
Caused by: java.lang.ClassNotFoundException: com.kpjunaid.shared.MockResourceRepo
	at com.kpjunaid.repository.CountryRepositoryTest.<init>(CountryRepositoryTest.java:20)
]]></error>
    <system-out><![CDATA[2024-11-11 17:21:36.011  INFO 18444 --- [           main] b.t.a.o.j.DataJpaTestContextBootstrapper : Neither @ContextConfiguration nor @ContextHierarchy found for test class [com.kpjunaid.repository.CountryRepositoryTest], using SpringBootContextLoader
2024-11-11 17:21:36.012  INFO 18444 --- [           main] o.s.t.c.support.AbstractContextLoader    : Could not detect default resource locations for test class [com.kpjunaid.repository.CountryRepositoryTest]: no resource found for suffixes {-context.xml, Context.groovy}.
2024-11-11 17:21:36.012  INFO 18444 --- [           main] t.c.s.AnnotationConfigContextLoaderUtils : Could not detect default configuration classes for test class [com.kpjunaid.repository.CountryRepositoryTest]: CountryRepositoryTest does not declare any static, non-private, non-final, nested classes annotated with @Configuration.
2024-11-11 17:21:36.015  INFO 18444 --- [           main] .b.t.c.SpringBootTestContextBootstrapper : Found @SpringBootConfiguration com.kpjunaid.SocialAppApplication for test class com.kpjunaid.repository.CountryRepositoryTest
2024-11-11 17:21:36.016  INFO 18444 --- [           main] b.t.a.o.j.DataJpaTestContextBootstrapper : Loaded default TestExecutionListener class names from location [META-INF/spring.factories]: [org.springframework.boot.test.mock.mockito.MockitoTestExecutionListener, org.springframework.boot.test.mock.mockito.ResetMocksTestExecutionListener, org.springframework.boot.test.autoconfigure.restdocs.RestDocsTestExecutionListener, org.springframework.boot.test.autoconfigure.web.client.MockRestServiceServerResetTestExecutionListener, org.springframework.boot.test.autoconfigure.web.servlet.MockMvcPrintOnlyOnFailureTestExecutionListener, org.springframework.boot.test.autoconfigure.web.servlet.WebDriverTestExecutionListener, org.springframework.boot.test.autoconfigure.webservices.client.MockWebServiceServerTestExecutionListener, org.springframework.test.context.web.ServletTestExecutionListener, org.springframework.test.context.support.DirtiesContextBeforeModesTestExecutionListener, org.springframework.test.context.event.ApplicationEventsTestExecutionListener, org.springframework.test.context.support.DependencyInjectionTestExecutionListener, org.springframework.test.context.support.DirtiesContextTestExecutionListener, org.springframework.test.context.transaction.TransactionalTestExecutionListener, org.springframework.test.context.jdbc.SqlScriptsTestExecutionListener, org.springframework.test.context.event.EventPublishingTestExecutionListener, org.springframework.security.test.context.support.WithSecurityContextTestExecutionListener, org.springframework.security.test.context.support.ReactorContextTestExecutionListener]
2024-11-11 17:21:36.020  INFO 18444 --- [           main] b.t.a.o.j.DataJpaTestContextBootstrapper : Using TestExecutionListeners: [org.springframework.test.context.web.ServletTestExecutionListener@2d093067, org.springframework.test.context.support.DirtiesContextBeforeModesTestExecutionListener@6c056020, org.springframework.test.context.event.ApplicationEventsTestExecutionListener@7cc842b0, org.springframework.boot.test.mock.mockito.MockitoTestExecutionListener@53dd29e0, org.springframework.boot.test.autoconfigure.SpringBootDependencyInjectionTestExecutionListener@3733b1f4, org.springframework.test.context.support.DirtiesContextTestExecutionListener@70f0c352, org.springframework.test.context.transaction.TransactionalTestExecutionListener@4e93d23e, org.springframework.test.context.jdbc.SqlScriptsTestExecutionListener@743b7025, org.springframework.test.context.event.EventPublishingTestExecutionListener@5eadc347, org.springframework.security.test.context.support.WithSecurityContextTestExecutionListener@28b16193, org.springframework.security.test.context.support.ReactorContextTestExecutionListener@78e34499, org.springframework.boot.test.mock.mockito.ResetMocksTestExecutionListener@5776a9f8, org.springframework.boot.test.autoconfigure.restdocs.RestDocsTestExecutionListener@6771efaa, org.springframework.boot.test.autoconfigure.web.client.MockRestServiceServerResetTestExecutionListener@446fb72e, org.springframework.boot.test.autoconfigure.web.servlet.MockMvcPrintOnlyOnFailureTestExecutionListener@26caf4b6, org.springframework.boot.test.autoconfigure.web.servlet.WebDriverTestExecutionListener@4411a0fe, org.springframework.boot.test.autoconfigure.webservices.client.MockWebServiceServerTestExecutionListener@2c750b69]
]]></system-out>
  </testcase>
</testsuite>